#
# There is insufficient memory for the Java Runtime Environment to continue.
# Native memory allocation (malloc) failed to allocate 32744 bytes for ChunkPool::allocate
# Possible reasons:
#   The system is out of physical RAM or swap space
#   The process is running with CompressedOops enabled, and the Java Heap may be blocking the growth of the native heap
# Possible solutions:
#   Reduce memory load on the system
#   Increase physical memory or swap space
#   Check if swap backing store is full
#   Decrease Java heap size (-Xmx/-Xms)
#   Decrease number of Java threads
#   Decrease Java thread stack sizes (-Xss)
#   Set larger code cache with -XX:ReservedCodeCacheSize=
#   JVM is running with Zero Based Compressed Oops mode in which the Java heap is
#     placed in the first 32GB address space. The Java Heap base address is the
#     maximum limit for the native heap growth. Please use -XX:HeapBaseMinAddress
#     to set the Java Heap base and to place the Java Heap above 32GB virtual address.
# This output file may be truncated or incomplete.
#
#  Out of Memory Error (allocation.cpp:272), pid=5028, tid=0x0000000000006ca4
#
# JRE version: Java(TM) SE Runtime Environment (8.0_401) (build 1.8.0_401-b10)
# Java VM: Java HotSpot(TM) 64-Bit Server VM (25.401-b10 mixed mode windows-amd64 compressed oops)
# Failed to write core dump. Minidumps are not enabled by default on client versions of Windows
#

---------------  T H R E A D  ---------------

Current thread (0x000001a8f632e800):  JavaThread "C1 CompilerThread3" daemon [_thread_in_native, id=27812, stack(0x00000042bf900000,0x00000042bfa00000)]

Stack: [0x00000042bf900000,0x00000042bfa00000]
Native frames: (J=compiled Java code, j=interpreted, Vv=VM code, C=native code)
V  [jvm.dll+0x3530d9]


Current CompileTask:
C1:    188  253   !   3       java.net.URL::<init> (543 bytes)


---------------  P R O C E S S  ---------------

Java Threads: ( => current thread )
  0x000001a8f6348800 JavaThread "Service Thread" daemon [_thread_blocked, id=25632, stack(0x00000042bfa00000,0x00000042bfb00000)]
=>0x000001a8f632e800 JavaThread "C1 CompilerThread3" daemon [_thread_in_native, id=27812, stack(0x00000042bf900000,0x00000042bfa00000)]
  0x000001a8f6329000 JavaThread "C2 CompilerThread2" daemon [_thread_blocked, id=4808, stack(0x00000042bf800000,0x00000042bf900000)]
  0x000001a8f6323800 JavaThread "C2 CompilerThread1" daemon [_thread_blocked, id=18264, stack(0x00000042bf700000,0x00000042bf800000)]
  0x000001a8f631f800 JavaThread "C2 CompilerThread0" daemon [_thread_in_native, id=31928, stack(0x00000042bf600000,0x00000042bf700000)]
  0x000001a8f631c800 JavaThread "Attach Listener" daemon [_thread_blocked, id=34592, stack(0x00000042bf500000,0x00000042bf600000)]
  0x000001a8f6319800 JavaThread "Signal Dispatcher" daemon [_thread_blocked, id=24148, stack(0x00000042bf400000,0x00000042bf500000)]
  0x000001a8f62f2000 JavaThread "Finalizer" daemon [_thread_blocked, id=31124, stack(0x00000042bf300000,0x00000042bf400000)]
  0x000001a8f62ea800 JavaThread "Reference Handler" daemon [_thread_blocked, id=30188, stack(0x00000042bf200000,0x00000042bf300000)]
  0x000001a8dac19000 JavaThread "main" [_thread_in_vm, id=12156, stack(0x00000042be800000,0x00000042be900000)]

Other Threads:
  0x000001a8f62c2800 VMThread [stack: 0x00000042bf100000,0x00000042bf200000] [id=11340]
  0x000001a8f7767000 WatcherThread [stack: 0x00000042bfb00000,0x00000042bfc00000] [id=28900]

VM state:not at safepoint (normal execution)

VM Mutex/Monitor currently owned by a thread: None

heap address: 0x00000006c3200000, size: 4046 MB, Compressed Oops mode: Zero based, Oop shift amount: 3
Narrow klass base: 0x0000000000000000, Narrow klass shift: 3
Compressed class space size: 1073741824 Address: 0x00000007c0000000

Heap:
 PSYoungGen      total 3584K, used 1352K [0x000000076bb80000, 0x000000076bf80000, 0x00000007c0000000)
  eden space 3072K, 27% used [0x000000076bb80000,0x000000076bc564e8,0x000000076be80000)
  from space 512K, 96% used [0x000000076be80000,0x000000076befbc20,0x000000076bf00000)
  to   space 512K, 0% used [0x000000076bf00000,0x000000076bf00000,0x000000076bf80000)
 ParOldGen       total 5632K, used 704K [0x00000006c3200000, 0x00000006c3780000, 0x000000076bb80000)
  object space 5632K, 12% used [0x00000006c3200000,0x00000006c32b0030,0x00000006c3780000)
 Metaspace       used 5351K, capacity 6540K, committed 6656K, reserved 1056768K
  class space    used 674K, capacity 712K, committed 768K, reserved 1048576K

Card table byte_map: [0x000001a8eba10000,0x000001a8ec200000] byte_map_base: 0x000001a8e83f7000

Marking Bits: (ParMarkBitMap*) 0x00007ff913185fc0
 Begin Bits: [0x000001a8ec750000, 0x000001a8f0688000)
 End Bits:   [0x000001a8f0688000, 0x000001a8f45c0000)

Polling page: 0x000001a8dc620000

CodeCache: size=245760Kb used=1663Kb max_used=1677Kb free=244096Kb
 bounds [0x000001a8dc650000, 0x000001a8dc8c0000, 0x000001a8eb650000]
 total_blobs=513 nmethods=250 adapters=176
 compilation: enabled

Compilation events (10 events):
Event: 0.174 Thread 0x000001a8f632e800  246       3       java.util.zip.ZipCoder::decoder (35 bytes)
Event: 0.174 Thread 0x000001a8f632e800 nmethod 246 0x000001a8dc7ebb10 code [0x000001a8dc7ebca0, 0x000001a8dc7ec330]
Event: 0.175 Thread 0x000001a8f631f800 nmethod 236 0x000001a8dc7ef690 code [0x000001a8dc7ef7e0, 0x000001a8dc7efd58]
Event: 0.177 Thread 0x000001a8f632e800  249       3       java.util.zip.ZipEntry::setExtra0 (360 bytes)
Event: 0.178 Thread 0x000001a8f631f800  255  s    4       sun.misc.URLClassPath::getNextLoader (88 bytes)
Event: 0.178 Thread 0x000001a8f632e800 nmethod 249 0x000001a8dc7edad0 code [0x000001a8dc7edd60, 0x000001a8dc7ee910]
Event: 0.178 Thread 0x000001a8f632e800  253   !   3       java.net.URL::<init> (543 bytes)
Event: 0.179 Thread 0x000001a8f6329000  257       4       sun.nio.cs.UTF_8$Encoder::encode (359 bytes)
Event: 0.180 Thread 0x000001a8f6323800 nmethod 241 0x000001a8dc7f2750 code [0x000001a8dc7f2940, 0x000001a8dc7f3880]
Event: 0.181 Thread 0x000001a8f6329000 nmethod 257 0x000001a8dc7f0910 code [0x000001a8dc7f0a60, 0x000001a8dc7f0cb8]

GC Heap History (6 events):
Event: 0.086 GC heap before
{Heap before GC invocations=1 (full 0):
 PSYoungGen      total 2048K, used 1510K [0x000000076bb80000, 0x000000076be00000, 0x00000007c0000000)
  eden space 1536K, 98% used [0x000000076bb80000,0x000000076bcf99f0,0x000000076bd00000)
  from space 512K, 0% used [0x000000076bd80000,0x000000076bd80000,0x000000076be00000)
  to   space 512K, 0% used [0x000000076bd00000,0x000000076bd00000,0x000000076bd80000)
 ParOldGen       total 5632K, used 0K [0x00000006c3200000, 0x00000006c3780000, 0x000000076bb80000)
  object space 5632K, 0% used [0x00000006c3200000,0x00000006c3200000,0x00000006c3780000)
 Metaspace       used 3355K, capacity 4812K, committed 5120K, reserved 1056768K
  class space    used 389K, capacity 456K, committed 512K, reserved 1048576K
Event: 0.088 GC heap after
Heap after GC invocations=1 (full 0):
 PSYoungGen      total 2048K, used 496K [0x000000076bb80000, 0x000000076bf80000, 0x00000007c0000000)
  eden space 1536K, 0% used [0x000000076bb80000,0x000000076bb80000,0x000000076bd00000)
  from space 512K, 96% used [0x000000076bd00000,0x000000076bd7c010,0x000000076bd80000)
  to   space 512K, 0% used [0x000000076bf00000,0x000000076bf00000,0x000000076bf80000)
 ParOldGen       total 5632K, used 48K [0x00000006c3200000, 0x00000006c3780000, 0x000000076bb80000)
  object space 5632K, 0% used [0x00000006c3200000,0x00000006c320c010,0x00000006c3780000)
 Metaspace       used 3355K, capacity 4812K, committed 5120K, reserved 1056768K
  class space    used 389K, capacity 456K, committed 512K, reserved 1048576K
}
Event: 0.115 GC heap before
{Heap before GC invocations=2 (full 0):
 PSYoungGen      total 2048K, used 1986K [0x000000076bb80000, 0x000000076bf80000, 0x00000007c0000000)
  eden space 1536K, 97% used [0x000000076bb80000,0x000000076bcf49b8,0x000000076bd00000)
  from space 512K, 96% used [0x000000076bd00000,0x000000076bd7c010,0x000000076bd80000)
  to   space 512K, 0% used [0x000000076bf00000,0x000000076bf00000,0x000000076bf80000)
 ParOldGen       total 5632K, used 48K [0x00000006c3200000, 0x00000006c3780000, 0x000000076bb80000)
  object space 5632K, 0% used [0x00000006c3200000,0x00000006c320c010,0x00000006c3780000)
 Metaspace       used 4124K, capacity 5388K, committed 5760K, reserved 1056768K
  class space    used 488K, capacity 520K, committed 640K, reserved 1048576K
Event: 0.117 GC heap after
Heap after GC invocations=2 (full 0):
 PSYoungGen      total 3584K, used 480K [0x000000076bb80000, 0x000000076bf80000, 0x00000007c0000000)
  eden space 3072K, 0% used [0x000000076bb80000,0x000000076bb80000,0x000000076be80000)
  from space 512K, 93% used [0x000000076bf00000,0x000000076bf78020,0x000000076bf80000)
  to   space 512K, 0% used [0x000000076be80000,0x000000076be80000,0x000000076bf00000)
 ParOldGen       total 5632K, used 120K [0x00000006c3200000, 0x00000006c3780000, 0x000000076bb80000)
  object space 5632K, 2% used [0x00000006c3200000,0x00000006c321e010,0x00000006c3780000)
 Metaspace       used 4124K, capacity 5388K, committed 5760K, reserved 1056768K
  class space    used 488K, capacity 520K, committed 640K, reserved 1048576K
}
Event: 0.165 GC heap before
{Heap before GC invocations=3 (full 0):
 PSYoungGen      total 3584K, used 3489K [0x000000076bb80000, 0x000000076bf80000, 0x00000007c0000000)
  eden space 3072K, 97% used [0x000000076bb80000,0x000000076be70748,0x000000076be80000)
  from space 512K, 93% used [0x000000076bf00000,0x000000076bf78020,0x000000076bf80000)
  to   space 512K, 0% used [0x000000076be80000,0x000000076be80000,0x000000076bf00000)
 ParOldGen       total 5632K, used 120K [0x00000006c3200000, 0x00000006c3780000, 0x000000076bb80000)
  object space 5632K, 2% used [0x00000006c3200000,0x00000006c321e010,0x00000006c3780000)
 Metaspace       used 5044K, capacity 6220K, committed 6400K, reserved 1056768K
  class space    used 621K, capacity 648K, committed 768K, reserved 1048576K
Event: 0.165 GC heap after
Heap after GC invocations=3 (full 0):
 PSYoungGen      total 3584K, used 495K [0x000000076bb80000, 0x000000076bf80000, 0x00000007c0000000)
  eden space 3072K, 0% used [0x000000076bb80000,0x000000076bb80000,0x000000076be80000)
  from space 512K, 96% used [0x000000076be80000,0x000000076befbc20,0x000000076bf00000)
  to   space 512K, 0% used [0x000000076bf00000,0x000000076bf00000,0x000000076bf80000)
 ParOldGen       total 5632K, used 704K [0x00000006c3200000, 0x00000006c3780000, 0x000000076bb80000)
  object space 5632K, 12% used [0x00000006c3200000,0x00000006c32b0030,0x00000006c3780000)
 Metaspace       used 5044K, capacity 6220K, committed 6400K, reserved 1056768K
  class space    used 621K, capacity 648K, committed 768K, reserved 1048576K
}

Deoptimization events (0 events):
No events

Classes redefined (0 events):
No events

Internal exceptions (6 events):
Event: 0.019 Thread 0x000001a8dac19000 Exception <a 'java/lang/NoSuchMethodError': Method sun.misc.Unsafe.defineClass(Ljava/lang/String;[BII)Ljava/lang/Class; name or signature does not match> (0x000000076bb87cf0) thrown at [C:\jenkins\workspace\8-2-build-windows-x64-cygwin-sans-NAS\jdk8u401\6
Event: 0.019 Thread 0x000001a8dac19000 Exception <a 'java/lang/NoSuchMethodError': Method sun.misc.Unsafe.prefetchRead(Ljava/lang/Object;J)V name or signature does not match> (0x000000076bb87fd8) thrown at [C:\jenkins\workspace\8-2-build-windows-x64-cygwin-sans-NAS\jdk8u401\683\hotspot\src\sha
Event: 0.085 Thread 0x000001a8dac19000 Exception <a 'java/security/PrivilegedActionException'> (0x000000076bce8840) thrown at [C:\jenkins\workspace\8-2-build-windows-x64-cygwin-sans-NAS\jdk8u401\683\hotspot\src\share\vm\prims\jvm.cpp, line 1513]
Event: 0.085 Thread 0x000001a8dac19000 Exception <a 'java/security/PrivilegedActionException'> (0x000000076bce8c38) thrown at [C:\jenkins\workspace\8-2-build-windows-x64-cygwin-sans-NAS\jdk8u401\683\hotspot\src\share\vm\prims\jvm.cpp, line 1513]
Event: 0.089 Thread 0x000001a8dac19000 Exception <a 'java/security/PrivilegedActionException'> (0x000000076bb93108) thrown at [C:\jenkins\workspace\8-2-build-windows-x64-cygwin-sans-NAS\jdk8u401\683\hotspot\src\share\vm\prims\jvm.cpp, line 1513]
Event: 0.089 Thread 0x000001a8dac19000 Exception <a 'java/security/PrivilegedActionException'> (0x000000076bb93500) thrown at [C:\jenkins\workspace\8-2-build-windows-x64-cygwin-sans-NAS\jdk8u401\683\hotspot\src\share\vm\prims\jvm.cpp, line 1513]

Events (10 events):
Event: 0.179 loading class com/sun/tools/javac/tree/JCTree$JCLambda
Event: 0.179 loading class com/sun/tools/javac/tree/JCTree$JCLambda done
Event: 0.179 loading class com/sun/source/tree/LambdaExpressionTree
Event: 0.179 loading class com/sun/source/tree/LambdaExpressionTree done
Event: 0.179 loading class com/sun/tools/javac/tree/JCTree$JCTypeApply
Event: 0.179 loading class com/sun/tools/javac/tree/JCTree$JCTypeApply done
Event: 0.179 loading class com/sun/source/tree/ParameterizedTypeTree
Event: 0.179 loading class com/sun/source/tree/ParameterizedTypeTree done
Event: 0.179 loading class com/sun/tools/javac/tree/JCTree$JCVariableDecl
Event: 0.179 loading class com/sun/tools/javac/tree/JCTree$JCVariableDecl done


Dynamic libraries:
0x00007ff6a7df0000 - 0x00007ff6a7df8000 	C:\Program Files\Java\jdk-1.8\bin\javac.exe
0x00007ff9a7ff0000 - 0x00007ff9a8206000 	C:\WINDOWS\SYSTEM32\ntdll.dll
0x00007ff9a6ae0000 - 0x00007ff9a6ba4000 	C:\WINDOWS\System32\KERNEL32.DLL
0x00007ff9a5330000 - 0x00007ff9a56d6000 	C:\WINDOWS\System32\KERNELBASE.dll
0x00007ff9a5c20000 - 0x00007ff9a5d31000 	C:\WINDOWS\System32\ucrtbase.dll
0x00007ff99e8e0000 - 0x00007ff99e8fb000 	C:\Program Files\Java\jdk-1.8\bin\VCRUNTIME140.dll
0x00007ff99b080000 - 0x00007ff99b0c3000 	C:\Program Files\Java\jdk-1.8\bin\jli.dll
0x00007ff9a7390000 - 0x00007ff9a7442000 	C:\WINDOWS\System32\ADVAPI32.dll
0x00007ff9a6c10000 - 0x00007ff9a6cb7000 	C:\WINDOWS\System32\msvcrt.dll
0x00007ff9a7460000 - 0x00007ff9a7508000 	C:\WINDOWS\System32\sechost.dll
0x00007ff9a5b30000 - 0x00007ff9a5b58000 	C:\WINDOWS\System32\bcrypt.dll
0x00007ff9a6660000 - 0x00007ff9a6775000 	C:\WINDOWS\System32\RPCRT4.dll
0x00007ff9a63e0000 - 0x00007ff9a658d000 	C:\WINDOWS\System32\USER32.dll
0x00007ff9a5910000 - 0x00007ff9a5936000 	C:\WINDOWS\System32\win32u.dll
0x00007ff99a500000 - 0x00007ff99a793000 	C:\WINDOWS\WinSxS\amd64_microsoft.windows.common-controls_6595b64144ccf1df_6.0.22621.3235_none_270f74e173860f98\COMCTL32.dll
0x00007ff9a7db0000 - 0x00007ff9a7dd9000 	C:\WINDOWS\System32\GDI32.dll
0x00007ff9a5750000 - 0x00007ff9a5868000 	C:\WINDOWS\System32\gdi32full.dll
0x00007ff9a5870000 - 0x00007ff9a590a000 	C:\WINDOWS\System32\msvcp_win.dll
0x00007ff9a6620000 - 0x00007ff9a6651000 	C:\WINDOWS\System32\IMM32.DLL
0x00007ff9987d0000 - 0x00007ff9987eb000 	C:\Program Files\Java\jdk-1.8\jre\bin\vcruntime140.dll
0x00007ff99eaa0000 - 0x00007ff99eaac000 	C:\Program Files\Java\jdk-1.8\jre\bin\vcruntime140_1.dll
0x00007ff92b040000 - 0x00007ff92b0ce000 	C:\Program Files\Java\jdk-1.8\jre\bin\msvcp140.dll
0x00007ff912950000 - 0x00007ff913200000 	C:\Program Files\Java\jdk-1.8\jre\bin\server\jvm.dll
0x00007ff9a7de0000 - 0x00007ff9a7de8000 	C:\WINDOWS\System32\PSAPI.DLL
0x00007ff99e9b0000 - 0x00007ff99e9b9000 	C:\WINDOWS\SYSTEM32\WSOCK32.dll
0x00007ff99e730000 - 0x00007ff99e764000 	C:\WINDOWS\SYSTEM32\WINMM.dll
0x00007ff99cbc0000 - 0x00007ff99cbca000 	C:\WINDOWS\SYSTEM32\VERSION.dll
0x00007ff9a6160000 - 0x00007ff9a61d1000 	C:\WINDOWS\System32\WS2_32.dll
0x00007ff9a4370000 - 0x00007ff9a4388000 	C:\WINDOWS\SYSTEM32\kernel.appcore.dll
0x00007ff99db40000 - 0x00007ff99db50000 	C:\Program Files\Java\jdk-1.8\jre\bin\verify.dll
0x00007ff980800000 - 0x00007ff98082b000 	C:\Program Files\Java\jdk-1.8\jre\bin\java.dll
0x00007ff995c30000 - 0x00007ff995c48000 	C:\Program Files\Java\jdk-1.8\jre\bin\zip.dll
0x00007ff9a7510000 - 0x00007ff9a7d6d000 	C:\WINDOWS\System32\SHELL32.dll
0x00007ff9a3290000 - 0x00007ff9a3b88000 	C:\WINDOWS\SYSTEM32\windows.storage.dll
0x00007ff9a5d40000 - 0x00007ff9a60c8000 	C:\WINDOWS\System32\combase.dll
0x00007ff9a3150000 - 0x00007ff9a328e000 	C:\WINDOWS\SYSTEM32\wintypes.dll
0x00007ff9a7220000 - 0x00007ff9a7313000 	C:\WINDOWS\System32\SHCORE.dll
0x00007ff9a6bb0000 - 0x00007ff9a6c0e000 	C:\WINDOWS\System32\shlwapi.dll
0x00007ff9a5260000 - 0x00007ff9a5286000 	C:\WINDOWS\SYSTEM32\profapi.dll
0x00007ff9a2750000 - 0x00007ff9a2983000 	C:\WINDOWS\SYSTEM32\dbghelp.dll
0x00007ff9a6cc0000 - 0x00007ff9a6d97000 	C:\WINDOWS\System32\OLEAUT32.dll
0x00007ff9a5940000 - 0x00007ff9a59ba000 	C:\WINDOWS\System32\bcryptPrimitives.dll

VM Arguments:
jvm_args: -Dapplication.home=C:\Program Files\Java\jdk-1.8 -Xms8m 
java_command: com.sun.tools.javac.Main -d C:\Users\Christian Brandon\Documents\NetBeansProjects\TaskVisualizer\build\classes -classpath C:\Users\Christian Brandon\Documents\NetBeansProjects\TaskVisualizer\build\classes;C:\Program Files\Java\jdk-1.8\jre\lib\javaws.jar;C:\Program Files\Java\jdk-1.8\jre\lib\deploy.jar;C:\Program Files\Java\jdk-1.8\jre\lib\plugin.jar -sourcepath C:\Users\Christian Brandon\Documents\NetBeansProjects\TaskVisualizer\build\empty -target 1.8 -encoding UTF-8 -g -processorpath C:\Program Files\Java\jdk-1.8\jre\lib\javaws.jar;C:\Program Files\Java\jdk-1.8\jre\lib\deploy.jar;C:\Program Files\Java\jdk-1.8\jre\lib\plugin.jar;C:\Users\Christian Brandon\Documents\NetBeansProjects\TaskVisualizer\build\empty -s C:\Users\Christian Brandon\Documents\NetBeansProjects\TaskVisualizer\build\generated-sources\ap-source-output -source 1.8 C:\Users\Christian Brandon\Documents\NetBeansProjects\TaskVisualizer\src\taskvisualizer\CalendarController.java C:\Users\Christian Brandon\Documents\NetBeansProjects\TaskVisualizer\src\taskvisualizer\UniversalController.java
java_class_path (initial): C:\Program Files\Java\jdk-1.8/lib/tools.jar;C:\Program Files\Java\jdk-1.8/classes
Launcher Type: SUN_STANDARD

Environment Variables:
PATH=C:\Program Files\Common Files\Oracle\Java\javapath;C:\Program Files (x86)\Common Files\Oracle\Java\javapath;C:\Windows\System32\HWAudioDriverLibs;C:\Windows\system32;C:\Windows;C:\Windows\System32\Wbem;C:\Windows\System32\WindowsPowerShell\v1.0\;C:\Windows\System32\OpenSSH\;C:\Users\Administrator\AppData\Local\Microsoft\WindowsApps;C:\WINDOWS\system32;C:\WINDOWS;C:\WINDOWS\System32\Wbem;C:\WINDOWS\System32\WindowsPowerShell\v1.0\;C:\WINDOWS\System32\OpenSSH\;C:\Program Files\Git\cmd;C:\Users\Christian Brandon\AppData\Local\Microsoft\WindowsApps;
USERNAME=Christian Brandon
OS=Windows_NT
PROCESSOR_IDENTIFIER=Intel64 Family 6 Model 140 Stepping 1, GenuineIntel



---------------  S Y S T E M  ---------------

OS: Windows 11 , 64 bit Build 22621 (10.0.22621.3235)

CPU:total 8 (initial active 8) (4 cores per cpu, 2 threads per core) family 6 model 140 stepping 1, cmov, cx8, fxsr, mmx, sse, sse2, sse3, ssse3, sse4.1, sse4.2, popcnt, avx, avx2, aes, clmul, erms, 3dnowpref, lzcnt, ht, tsc, tscinvbit, bmi1, bmi2, adx

Memory: 4k page, physical 16571704k(3693736k free), swap 32300340k(3052k free)

vm_info: Java HotSpot(TM) 64-Bit Server VM (25.401-b10) for windows-amd64 JRE (1.8.0_401-b10), built on Dec 19 2023 12:38:48 by "java_re" with MS VC++ 17.1 (VS2022)

time: Sat Mar 23 12:30:24 2024
timezone: China Standard Time
elapsed time: 0.190528 seconds (0d 0h 0m 0s)

