#
# There is insufficient memory for the Java Runtime Environment to continue.
# Native memory allocation (malloc) failed to allocate 832496 bytes for Chunk::new
# Possible reasons:
#   The system is out of physical RAM or swap space
#   The process is running with CompressedOops enabled, and the Java Heap may be blocking the growth of the native heap
# Possible solutions:
#   Reduce memory load on the system
#   Increase physical memory or swap space
#   Check if swap backing store is full
#   Decrease Java heap size (-Xmx/-Xms)
#   Decrease number of Java threads
#   Decrease Java thread stack sizes (-Xss)
#   Set larger code cache with -XX:ReservedCodeCacheSize=
#   JVM is running with Zero Based Compressed Oops mode in which the Java heap is
#     placed in the first 32GB address space. The Java Heap base address is the
#     maximum limit for the native heap growth. Please use -XX:HeapBaseMinAddress
#     to set the Java Heap base and to place the Java Heap above 32GB virtual address.
# This output file may be truncated or incomplete.
#
#  Out of Memory Error (allocation.cpp:389), pid=13064, tid=0x0000000000000c84
#
# JRE version: Java(TM) SE Runtime Environment (8.0_401) (build 1.8.0_401-b10)
# Java VM: Java HotSpot(TM) 64-Bit Server VM (25.401-b10 mixed mode windows-amd64 compressed oops)
# Failed to write core dump. Minidumps are not enabled by default on client versions of Windows
#

---------------  T H R E A D  ---------------

Current thread (0x0000021ed1ab9800):  JavaThread "C2 CompilerThread1" daemon [_thread_in_native, id=3204, stack(0x0000005421e00000,0x0000005421f00000)]

Stack: [0x0000005421e00000,0x0000005421f00000]
Native frames: (J=compiled Java code, j=interpreted, Vv=VM code, C=native code)
V  [jvm.dll+0x3530d9]
V  [jvm.dll+0x290072]
V  [jvm.dll+0x290c3d]
V  [jvm.dll+0x285275]
V  [jvm.dll+0xdbbbc]
V  [jvm.dll+0xdc3cc]
V  [jvm.dll+0x49c9bd]
V  [jvm.dll+0x45ffc5]
V  [jvm.dll+0x46928f]
V  [jvm.dll+0x468689]
V  [jvm.dll+0x4523ac]
V  [jvm.dll+0xb08f6]
V  [jvm.dll+0xaefcf]
V  [jvm.dll+0x2515d2]
V  [jvm.dll+0x2acb3c]
C  [ucrtbase.dll+0x29363]
C  [KERNEL32.DLL+0x1257d]
C  [ntdll.dll+0x5aa58]


Current CompileTask:
C2:    401  407 %     4       com.sun.tools.javac.file.ZipFileIndex$ZipDirectory::readEntry @ 102 (587 bytes)


---------------  P R O C E S S  ---------------

Java Threads: ( => current thread )
  0x0000021ed1b2b000 JavaThread "Service Thread" daemon [_thread_blocked, id=1572, stack(0x0000005422100000,0x0000005422200000)]
  0x0000021ed1ac1800 JavaThread "C1 CompilerThread3" daemon [_thread_blocked, id=22788, stack(0x0000005422000000,0x0000005422100000)]
  0x0000021ed1abd800 JavaThread "C2 CompilerThread2" daemon [_thread_in_native, id=13996, stack(0x0000005421f00000,0x0000005422000000)]
=>0x0000021ed1ab9800 JavaThread "C2 CompilerThread1" daemon [_thread_in_native, id=3204, stack(0x0000005421e00000,0x0000005421f00000)]
  0x0000021ed1ab7000 JavaThread "C2 CompilerThread0" daemon [_thread_in_native, id=27248, stack(0x0000005421d00000,0x0000005421e00000)]
  0x0000021ed1ab3800 JavaThread "Attach Listener" daemon [_thread_blocked, id=33016, stack(0x0000005421c00000,0x0000005421d00000)]
  0x0000021ed1ab2000 JavaThread "Signal Dispatcher" daemon [_thread_blocked, id=7796, stack(0x0000005421b00000,0x0000005421c00000)]
  0x0000021ed1a8c000 JavaThread "Finalizer" daemon [_thread_blocked, id=11300, stack(0x0000005421a00000,0x0000005421b00000)]
  0x0000021ed1a7d000 JavaThread "Reference Handler" daemon [_thread_blocked, id=35168, stack(0x0000005421900000,0x0000005421a00000)]
  0x0000021eb65ea000 JavaThread "main" [_thread_in_Java, id=16052, stack(0x0000005420f00000,0x0000005421000000)]

Other Threads:
  0x0000021ed1a55800 VMThread [stack: 0x0000005421800000,0x0000005421900000] [id=11660]
  0x0000021ed2fb3800 WatcherThread [stack: 0x0000005422200000,0x0000005422300000] [id=28516]

VM state:not at safepoint (normal execution)

VM Mutex/Monitor currently owned by a thread: None

heap address: 0x00000006c3200000, size: 4046 MB, Compressed Oops mode: Zero based, Oop shift amount: 3
Narrow klass base: 0x0000000000000000, Narrow klass shift: 3
Compressed class space size: 1073741824 Address: 0x00000007c0000000

Heap:
 PSYoungGen      total 6656K, used 6019K [0x000000076bb80000, 0x000000076c280000, 0x00000007c0000000)
  eden space 6144K, 97% used [0x000000076bb80000,0x000000076c160d58,0x000000076c180000)
  from space 512K, 0% used [0x000000076c200000,0x000000076c200000,0x000000076c280000)
  to   space 512K, 0% used [0x000000076c180000,0x000000076c180000,0x000000076c200000)
 ParOldGen       total 10752K, used 6422K [0x00000006c3200000, 0x00000006c3c80000, 0x000000076bb80000)
  object space 10752K, 59% used [0x00000006c3200000,0x00000006c3845810,0x00000006c3c80000)
 Metaspace       used 7681K, capacity 8436K, committed 8704K, reserved 1056768K
  class space    used 915K, capacity 944K, committed 1024K, reserved 1048576K

Card table byte_map: [0x0000021ec72f0000,0x0000021ec7ae0000] byte_map_base: 0x0000021ec3cd7000

Marking Bits: (ParMarkBitMap*) 0x00007ff913185fc0
 Begin Bits: [0x0000021ec8030000, 0x0000021ecbf68000)
 End Bits:   [0x0000021ecbf68000, 0x0000021ecfea0000)

Polling page: 0x0000021eb6580000

CodeCache: size=245760Kb used=2859Kb max_used=2859Kb free=242900Kb
 bounds [0x0000021eb7f30000, 0x0000021eb8200000, 0x0000021ec6f30000]
 total_blobs=922 nmethods=630 adapters=205
 compilation: enabled

Compilation events (10 events):
Event: 0.383 Thread 0x0000021ed1ac1800  574       3       com.sun.tools.javac.file.ZipFileIndexArchive$ZipFileIndexFileObject::inferBinaryName (58 bytes)
Event: 0.383 Thread 0x0000021ed1ac1800 nmethod 574 0x0000021eb81cea90 code [0x0000021eb81ced40, 0x0000021eb81d0300]
Event: 0.383 Thread 0x0000021ed1ac1800  570       3       com.sun.tools.javac.code.Scope::lookup (67 bytes)
Event: 0.383 Thread 0x0000021ed1ab7000  576       4       com.sun.tools.javac.util.List::reverse (55 bytes)
Event: 0.383 Thread 0x0000021ed1ac1800 nmethod 570 0x0000021eb81ca910 code [0x0000021eb81caaa0, 0x0000021eb81cafc0]
Event: 0.383 Thread 0x0000021ed1ac1800  571       3       com.sun.tools.javac.code.Scope::lookup (9 bytes)
Event: 0.384 Thread 0x0000021ed1ac1800 nmethod 571 0x0000021eb81d1110 code [0x0000021eb81d1280, 0x0000021eb81d14b0]
Event: 0.384 Thread 0x0000021ed1ac1800  564       3       com.sun.tools.javac.jvm.ClassReader::readPool (504 bytes)
Event: 0.384 Thread 0x0000021ed1abd800  580 %     4       com.sun.tools.javac.util.List::prependList @ 57 (87 bytes)
Event: 0.385 Thread 0x0000021ed1abd800 nmethod 580% 0x0000021eb81d70d0 code [0x0000021eb81d7220, 0x0000021eb81d7398]

GC Heap History (10 events):
Event: 0.204 GC heap before
{Heap before GC invocations=4 (full 0):
 PSYoungGen      total 3584K, used 3574K [0x000000076bb80000, 0x000000076c280000, 0x00000007c0000000)
  eden space 3072K, 99% used [0x000000076bb80000,0x000000076be7df80,0x000000076be80000)
  from space 512K, 99% used [0x000000076be80000,0x000000076beffc30,0x000000076bf00000)
  to   space 512K, 0% used [0x000000076c200000,0x000000076c200000,0x000000076c280000)
 ParOldGen       total 5632K, used 656K [0x00000006c3200000, 0x00000006c3780000, 0x000000076bb80000)
  object space 5632K, 11% used [0x00000006c3200000,0x00000006c32a4020,0x00000006c3780000)
 Metaspace       used 6163K, capacity 7276K, committed 7552K, reserved 1056768K
  class space    used 772K, capacity 808K, committed 896K, reserved 1048576K
Event: 0.205 GC heap after
Heap after GC invocations=4 (full 0):
 PSYoungGen      total 6656K, used 480K [0x000000076bb80000, 0x000000076c280000, 0x00000007c0000000)
  eden space 6144K, 0% used [0x000000076bb80000,0x000000076bb80000,0x000000076c180000)
  from space 512K, 93% used [0x000000076c200000,0x000000076c278020,0x000000076c280000)
  to   space 512K, 0% used [0x000000076c180000,0x000000076c180000,0x000000076c200000)
 ParOldGen       total 5632K, used 976K [0x00000006c3200000, 0x00000006c3780000, 0x000000076bb80000)
  object space 5632K, 17% used [0x00000006c3200000,0x00000006c32f4040,0x00000006c3780000)
 Metaspace       used 6163K, capacity 7276K, committed 7552K, reserved 1056768K
  class space    used 772K, capacity 808K, committed 896K, reserved 1048576K
}
Event: 0.284 GC heap before
{Heap before GC invocations=5 (full 0):
 PSYoungGen      total 6656K, used 6624K [0x000000076bb80000, 0x000000076c280000, 0x00000007c0000000)
  eden space 6144K, 100% used [0x000000076bb80000,0x000000076c180000,0x000000076c180000)
  from space 512K, 93% used [0x000000076c200000,0x000000076c278020,0x000000076c280000)
  to   space 512K, 0% used [0x000000076c180000,0x000000076c180000,0x000000076c200000)
 ParOldGen       total 5632K, used 976K [0x00000006c3200000, 0x00000006c3780000, 0x000000076bb80000)
  object space 5632K, 17% used [0x00000006c3200000,0x00000006c32f4040,0x00000006c3780000)
 Metaspace       used 7454K, capacity 8244K, committed 8448K, reserved 1056768K
  class space    used 904K, capacity 944K, committed 1024K, reserved 1048576K
Event: 0.286 GC heap after
Heap after GC invocations=5 (full 0):
 PSYoungGen      total 6656K, used 493K [0x000000076bb80000, 0x000000076c280000, 0x00000007c0000000)
  eden space 6144K, 0% used [0x000000076bb80000,0x000000076bb80000,0x000000076c180000)
  from space 512K, 96% used [0x000000076c180000,0x000000076c1fb560,0x000000076c200000)
  to   space 512K, 0% used [0x000000076c200000,0x000000076c200000,0x000000076c280000)
 ParOldGen       total 5632K, used 4307K [0x00000006c3200000, 0x00000006c3780000, 0x000000076bb80000)
  object space 5632K, 76% used [0x00000006c3200000,0x00000006c3634ea0,0x00000006c3780000)
 Metaspace       used 7454K, capacity 8244K, committed 8448K, reserved 1056768K
  class space    used 904K, capacity 944K, committed 1024K, reserved 1048576K
}
Event: 0.286 GC heap before
{Heap before GC invocations=6 (full 1):
 PSYoungGen      total 6656K, used 493K [0x000000076bb80000, 0x000000076c280000, 0x00000007c0000000)
  eden space 6144K, 0% used [0x000000076bb80000,0x000000076bb80000,0x000000076c180000)
  from space 512K, 96% used [0x000000076c180000,0x000000076c1fb560,0x000000076c200000)
  to   space 512K, 0% used [0x000000076c200000,0x000000076c200000,0x000000076c280000)
 ParOldGen       total 5632K, used 4307K [0x00000006c3200000, 0x00000006c3780000, 0x000000076bb80000)
  object space 5632K, 76% used [0x00000006c3200000,0x00000006c3634ea0,0x00000006c3780000)
 Metaspace       used 7454K, capacity 8244K, committed 8448K, reserved 1056768K
  class space    used 904K, capacity 944K, committed 1024K, reserved 1048576K
Event: 0.311 GC heap after
Heap after GC invocations=6 (full 1):
 PSYoungGen      total 6656K, used 0K [0x000000076bb80000, 0x000000076c280000, 0x00000007c0000000)
  eden space 6144K, 0% used [0x000000076bb80000,0x000000076bb80000,0x000000076c180000)
  from space 512K, 0% used [0x000000076c180000,0x000000076c180000,0x000000076c200000)
  to   space 512K, 0% used [0x000000076c200000,0x000000076c200000,0x000000076c280000)
 ParOldGen       total 10752K, used 4608K [0x00000006c3200000, 0x00000006c3c80000, 0x000000076bb80000)
  object space 10752K, 42% used [0x00000006c3200000,0x00000006c3680100,0x00000006c3c80000)
 Metaspace       used 7454K, capacity 8244K, committed 8448K, reserved 1056768K
  class space    used 904K, capacity 944K, committed 1024K, reserved 1048576K
}
Event: 0.344 GC heap before
{Heap before GC invocations=7 (full 1):
 PSYoungGen      total 6656K, used 6144K [0x000000076bb80000, 0x000000076c280000, 0x00000007c0000000)
  eden space 6144K, 100% used [0x000000076bb80000,0x000000076c180000,0x000000076c180000)
  from space 512K, 0% used [0x000000076c180000,0x000000076c180000,0x000000076c200000)
  to   space 512K, 0% used [0x000000076c200000,0x000000076c200000,0x000000076c280000)
 ParOldGen       total 10752K, used 4608K [0x00000006c3200000, 0x00000006c3c80000, 0x000000076bb80000)
  object space 10752K, 42% used [0x00000006c3200000,0x00000006c3680100,0x00000006c3c80000)
 Metaspace       used 7512K, capacity 8308K, committed 8448K, reserved 1056768K
  class space    used 908K, capacity 944K, committed 1024K, reserved 1048576K
Event: 0.346 GC heap after
Heap after GC invocations=7 (full 1):
 PSYoungGen      total 6656K, used 498K [0x000000076bb80000, 0x000000076c280000, 0x00000007c0000000)
  eden space 6144K, 0% used [0x000000076bb80000,0x000000076bb80000,0x000000076c180000)
  from space 512K, 97% used [0x000000076c200000,0x000000076c27c970,0x000000076c280000)
  to   space 512K, 0% used [0x000000076c180000,0x000000076c180000,0x000000076c200000)
 ParOldGen       total 10752K, used 7932K [0x00000006c3200000, 0x00000006c3c80000, 0x000000076bb80000)
  object space 10752K, 73% used [0x00000006c3200000,0x00000006c39bf040,0x00000006c3c80000)
 Metaspace       used 7512K, capacity 8308K, committed 8448K, reserved 1056768K
  class space    used 908K, capacity 944K, committed 1024K, reserved 1048576K
}
Event: 0.346 GC heap before
{Heap before GC invocations=8 (full 2):
 PSYoungGen      total 6656K, used 498K [0x000000076bb80000, 0x000000076c280000, 0x00000007c0000000)
  eden space 6144K, 0% used [0x000000076bb80000,0x000000076bb80000,0x000000076c180000)
  from space 512K, 97% used [0x000000076c200000,0x000000076c27c970,0x000000076c280000)
  to   space 512K, 0% used [0x000000076c180000,0x000000076c180000,0x000000076c200000)
 ParOldGen       total 10752K, used 7932K [0x00000006c3200000, 0x00000006c3c80000, 0x000000076bb80000)
  object space 10752K, 73% used [0x00000006c3200000,0x00000006c39bf040,0x00000006c3c80000)
 Metaspace       used 7512K, capacity 8308K, committed 8448K, reserved 1056768K
  class space    used 908K, capacity 944K, committed 1024K, reserved 1048576K
Event: 0.360 GC heap after
Heap after GC invocations=8 (full 2):
 PSYoungGen      total 6656K, used 0K [0x000000076bb80000, 0x000000076c280000, 0x00000007c0000000)
  eden space 6144K, 0% used [0x000000076bb80000,0x000000076bb80000,0x000000076c180000)
  from space 512K, 0% used [0x000000076c200000,0x000000076c200000,0x000000076c280000)
  to   space 512K, 0% used [0x000000076c180000,0x000000076c180000,0x000000076c200000)
 ParOldGen       total 10752K, used 6422K [0x00000006c3200000, 0x00000006c3c80000, 0x000000076bb80000)
  object space 10752K, 59% used [0x00000006c3200000,0x00000006c3845810,0x00000006c3c80000)
 Metaspace       used 7512K, capacity 8308K, committed 8448K, reserved 1056768K
  class space    used 908K, capacity 944K, committed 1024K, reserved 1048576K
}

Deoptimization events (4 events):
Event: 0.230 Thread 0x0000021eb65ea000 Uncommon trap: reason=unstable_if action=reinterpret pc=0x0000021eb80ae5b4 method=java.lang.String.replace(CC)Ljava/lang/String; @ 26
Event: 0.233 Thread 0x0000021eb65ea000 Uncommon trap: reason=class_check action=maybe_recompile pc=0x0000021eb80d8864 method=sun.misc.URLClassPath.getLoader(I)Lsun/misc/URLClassPath$Loader; @ 94
Event: 0.247 Thread 0x0000021eb65ea000 Uncommon trap: reason=unstable_if action=reinterpret pc=0x0000021eb80dd220 method=java.lang.String.<init>([CII)V @ 18
Event: 0.249 Thread 0x0000021eb65ea000 Uncommon trap: reason=unstable_if action=reinterpret pc=0x0000021eb8100010 method=com.sun.tools.javac.parser.UnicodeReader.scanChar()V @ 37

Classes redefined (0 events):
No events

Internal exceptions (7 events):
Event: 0.020 Thread 0x0000021eb65ea000 Exception <a 'java/lang/NoSuchMethodError': Method sun.misc.Unsafe.defineClass(Ljava/lang/String;[BII)Ljava/lang/Class; name or signature does not match> (0x000000076bb87cf0) thrown at [C:\jenkins\workspace\8-2-build-windows-x64-cygwin-sans-NAS\jdk8u401\6
Event: 0.020 Thread 0x0000021eb65ea000 Exception <a 'java/lang/NoSuchMethodError': Method sun.misc.Unsafe.prefetchRead(Ljava/lang/Object;J)V name or signature does not match> (0x000000076bb87fd8) thrown at [C:\jenkins\workspace\8-2-build-windows-x64-cygwin-sans-NAS\jdk8u401\683\hotspot\src\sha
Event: 0.082 Thread 0x0000021eb65ea000 Exception <a 'java/security/PrivilegedActionException'> (0x000000076bce8848) thrown at [C:\jenkins\workspace\8-2-build-windows-x64-cygwin-sans-NAS\jdk8u401\683\hotspot\src\share\vm\prims\jvm.cpp, line 1513]
Event: 0.082 Thread 0x0000021eb65ea000 Exception <a 'java/security/PrivilegedActionException'> (0x000000076bce8c40) thrown at [C:\jenkins\workspace\8-2-build-windows-x64-cygwin-sans-NAS\jdk8u401\683\hotspot\src\share\vm\prims\jvm.cpp, line 1513]
Event: 0.087 Thread 0x0000021eb65ea000 Exception <a 'java/security/PrivilegedActionException'> (0x000000076bb93108) thrown at [C:\jenkins\workspace\8-2-build-windows-x64-cygwin-sans-NAS\jdk8u401\683\hotspot\src\share\vm\prims\jvm.cpp, line 1513]
Event: 0.087 Thread 0x0000021eb65ea000 Exception <a 'java/security/PrivilegedActionException'> (0x000000076bb93500) thrown at [C:\jenkins\workspace\8-2-build-windows-x64-cygwin-sans-NAS\jdk8u401\683\hotspot\src\share\vm\prims\jvm.cpp, line 1513]
Event: 0.325 Thread 0x0000021eb65ea000 Exception <a 'java/io/FileNotFoundException'> (0x000000076bd6f3e0) thrown at [C:\jenkins\workspace\8-2-build-windows-x64-cygwin-sans-NAS\jdk8u401\683\hotspot\src\share\vm\prims\jni.cpp, line 710]

Events (10 events):
Event: 0.373 loading class com/sun/tools/javac/jvm/ClassReader$AnnotationCompleter
Event: 0.373 loading class com/sun/tools/javac/jvm/ClassReader$AnnotationCompleter done
Event: 0.373 loading class com/sun/tools/javac/jvm/ClassReader$AnnotationDeproxy
Event: 0.373 loading class com/sun/tools/javac/jvm/ClassReader$AnnotationDeproxy done
Event: 0.373 loading class com/sun/tools/javac/jvm/ClassReader$ProxyVisitor
Event: 0.373 loading class com/sun/tools/javac/jvm/ClassReader$ProxyVisitor done
Event: 0.374 loading class java/io/DataInputStream
Event: 0.374 loading class java/io/DataInputStream done
Event: 0.374 loading class com/sun/tools/javac/code/Type$ArrayType$1
Event: 0.374 loading class com/sun/tools/javac/code/Type$ArrayType$1 done


Dynamic libraries:
0x00007ff6a7df0000 - 0x00007ff6a7df8000 	C:\Program Files\Java\jdk-1.8\bin\javac.exe
0x00007ff9a7ff0000 - 0x00007ff9a8206000 	C:\WINDOWS\SYSTEM32\ntdll.dll
0x00007ff9a6ae0000 - 0x00007ff9a6ba4000 	C:\WINDOWS\System32\KERNEL32.DLL
0x00007ff9a5330000 - 0x00007ff9a56d6000 	C:\WINDOWS\System32\KERNELBASE.dll
0x00007ff9a5c20000 - 0x00007ff9a5d31000 	C:\WINDOWS\System32\ucrtbase.dll
0x00007ff99e8e0000 - 0x00007ff99e8fb000 	C:\Program Files\Java\jdk-1.8\bin\VCRUNTIME140.dll
0x00007ff99b080000 - 0x00007ff99b0c3000 	C:\Program Files\Java\jdk-1.8\bin\jli.dll
0x00007ff9a7390000 - 0x00007ff9a7442000 	C:\WINDOWS\System32\ADVAPI32.dll
0x00007ff9a6c10000 - 0x00007ff9a6cb7000 	C:\WINDOWS\System32\msvcrt.dll
0x00007ff9a7460000 - 0x00007ff9a7508000 	C:\WINDOWS\System32\sechost.dll
0x00007ff9a5b30000 - 0x00007ff9a5b58000 	C:\WINDOWS\System32\bcrypt.dll
0x00007ff9a6660000 - 0x00007ff9a6775000 	C:\WINDOWS\System32\RPCRT4.dll
0x00007ff9a63e0000 - 0x00007ff9a658d000 	C:\WINDOWS\System32\USER32.dll
0x00007ff9a5910000 - 0x00007ff9a5936000 	C:\WINDOWS\System32\win32u.dll
0x00007ff99a500000 - 0x00007ff99a793000 	C:\WINDOWS\WinSxS\amd64_microsoft.windows.common-controls_6595b64144ccf1df_6.0.22621.3235_none_270f74e173860f98\COMCTL32.dll
0x00007ff9a7db0000 - 0x00007ff9a7dd9000 	C:\WINDOWS\System32\GDI32.dll
0x00007ff9a5750000 - 0x00007ff9a5868000 	C:\WINDOWS\System32\gdi32full.dll
0x00007ff9a5870000 - 0x00007ff9a590a000 	C:\WINDOWS\System32\msvcp_win.dll
0x00007ff9a6620000 - 0x00007ff9a6651000 	C:\WINDOWS\System32\IMM32.DLL
0x00007ff9987d0000 - 0x00007ff9987eb000 	C:\Program Files\Java\jdk-1.8\jre\bin\vcruntime140.dll
0x00007ff99eaa0000 - 0x00007ff99eaac000 	C:\Program Files\Java\jdk-1.8\jre\bin\vcruntime140_1.dll
0x00007ff92b040000 - 0x00007ff92b0ce000 	C:\Program Files\Java\jdk-1.8\jre\bin\msvcp140.dll
0x00007ff912950000 - 0x00007ff913200000 	C:\Program Files\Java\jdk-1.8\jre\bin\server\jvm.dll
0x00007ff9a7de0000 - 0x00007ff9a7de8000 	C:\WINDOWS\System32\PSAPI.DLL
0x00007ff99e730000 - 0x00007ff99e764000 	C:\WINDOWS\SYSTEM32\WINMM.dll
0x00007ff99e9b0000 - 0x00007ff99e9b9000 	C:\WINDOWS\SYSTEM32\WSOCK32.dll
0x00007ff99cbc0000 - 0x00007ff99cbca000 	C:\WINDOWS\SYSTEM32\VERSION.dll
0x00007ff9a6160000 - 0x00007ff9a61d1000 	C:\WINDOWS\System32\WS2_32.dll
0x00007ff9a4370000 - 0x00007ff9a4388000 	C:\WINDOWS\SYSTEM32\kernel.appcore.dll
0x00007ff99db40000 - 0x00007ff99db50000 	C:\Program Files\Java\jdk-1.8\jre\bin\verify.dll
0x00007ff980800000 - 0x00007ff98082b000 	C:\Program Files\Java\jdk-1.8\jre\bin\java.dll
0x00007ff995c30000 - 0x00007ff995c48000 	C:\Program Files\Java\jdk-1.8\jre\bin\zip.dll
0x00007ff9a7510000 - 0x00007ff9a7d6d000 	C:\WINDOWS\System32\SHELL32.dll
0x00007ff9a3290000 - 0x00007ff9a3b88000 	C:\WINDOWS\SYSTEM32\windows.storage.dll
0x00007ff9a5d40000 - 0x00007ff9a60c8000 	C:\WINDOWS\System32\combase.dll
0x00007ff9a3150000 - 0x00007ff9a328e000 	C:\WINDOWS\SYSTEM32\wintypes.dll
0x00007ff9a7220000 - 0x00007ff9a7313000 	C:\WINDOWS\System32\SHCORE.dll
0x00007ff9a6bb0000 - 0x00007ff9a6c0e000 	C:\WINDOWS\System32\shlwapi.dll
0x00007ff9a5260000 - 0x00007ff9a5286000 	C:\WINDOWS\SYSTEM32\profapi.dll
0x00007ff9a2750000 - 0x00007ff9a2983000 	C:\WINDOWS\SYSTEM32\dbghelp.dll
0x00007ff9a6cc0000 - 0x00007ff9a6d97000 	C:\WINDOWS\System32\OLEAUT32.dll
0x00007ff9a5940000 - 0x00007ff9a59ba000 	C:\WINDOWS\System32\bcryptPrimitives.dll

VM Arguments:
jvm_args: -Dapplication.home=C:\Program Files\Java\jdk-1.8 -Xms8m 
java_command: com.sun.tools.javac.Main -d C:\Users\Christian Brandon\Documents\NetBeansProjects\TaskVisualizer\build\classes -classpath C:\Users\Christian Brandon\Documents\NetBeansProjects\TaskVisualizer\build\classes;C:\Program Files\Java\jdk-1.8\jre\lib\javaws.jar;C:\Program Files\Java\jdk-1.8\jre\lib\deploy.jar;C:\Program Files\Java\jdk-1.8\jre\lib\plugin.jar -sourcepath C:\Users\Christian Brandon\Documents\NetBeansProjects\TaskVisualizer\build\empty -target 1.8 -encoding UTF-8 -g -processorpath C:\Program Files\Java\jdk-1.8\jre\lib\javaws.jar;C:\Program Files\Java\jdk-1.8\jre\lib\deploy.jar;C:\Program Files\Java\jdk-1.8\jre\lib\plugin.jar;C:\Users\Christian Brandon\Documents\NetBeansProjects\TaskVisualizer\build\empty -s C:\Users\Christian Brandon\Documents\NetBeansProjects\TaskVisualizer\build\generated-sources\ap-source-output -source 1.8 C:\Users\Christian Brandon\Documents\NetBeansProjects\TaskVisualizer\src\taskvisualizer\CalendarController.java C:\Users\Christian Brandon\Documents\NetBeansProjects\TaskVisualizer\src\taskvisualizer\UniversalController.java
java_class_path (initial): C:\Program Files\Java\jdk-1.8/lib/tools.jar;C:\Program Files\Java\jdk-1.8/classes
Launcher Type: SUN_STANDARD

Environment Variables:
PATH=C:\Program Files\Common Files\Oracle\Java\javapath;C:\Program Files (x86)\Common Files\Oracle\Java\javapath;C:\Windows\System32\HWAudioDriverLibs;C:\Windows\system32;C:\Windows;C:\Windows\System32\Wbem;C:\Windows\System32\WindowsPowerShell\v1.0\;C:\Windows\System32\OpenSSH\;C:\Users\Administrator\AppData\Local\Microsoft\WindowsApps;C:\WINDOWS\system32;C:\WINDOWS;C:\WINDOWS\System32\Wbem;C:\WINDOWS\System32\WindowsPowerShell\v1.0\;C:\WINDOWS\System32\OpenSSH\;C:\Program Files\Git\cmd;C:\Users\Christian Brandon\AppData\Local\Microsoft\WindowsApps;
USERNAME=Christian Brandon
OS=Windows_NT
PROCESSOR_IDENTIFIER=Intel64 Family 6 Model 140 Stepping 1, GenuineIntel



---------------  S Y S T E M  ---------------

OS: Windows 11 , 64 bit Build 22621 (10.0.22621.3235)

CPU:total 8 (initial active 8) (4 cores per cpu, 2 threads per core) family 6 model 140 stepping 1, cmov, cx8, fxsr, mmx, sse, sse2, sse3, ssse3, sse4.1, sse4.2, popcnt, avx, avx2, aes, clmul, erms, 3dnowpref, lzcnt, ht, tsc, tscinvbit, bmi1, bmi2, adx

Memory: 4k page, physical 16571704k(3693260k free), swap 32300340k(5504k free)

vm_info: Java HotSpot(TM) 64-Bit Server VM (25.401-b10) for windows-amd64 JRE (1.8.0_401-b10), built on Dec 19 2023 12:38:48 by "java_re" with MS VC++ 17.1 (VS2022)

time: Sat Mar 23 12:30:32 2024
timezone: China Standard Time
elapsed time: 0.404454 seconds (0d 0h 0m 0s)

