#
# There is insufficient memory for the Java Runtime Environment to continue.
# Native memory allocation (malloc) failed to allocate 1048576 bytes for AllocateHeap
# Possible reasons:
#   The system is out of physical RAM or swap space
#   The process is running with CompressedOops enabled, and the Java Heap may be blocking the growth of the native heap
# Possible solutions:
#   Reduce memory load on the system
#   Increase physical memory or swap space
#   Check if swap backing store is full
#   Decrease Java heap size (-Xmx/-Xms)
#   Decrease number of Java threads
#   Decrease Java thread stack sizes (-Xss)
#   Set larger code cache with -XX:ReservedCodeCacheSize=
#   JVM is running with Zero Based Compressed Oops mode in which the Java heap is
#     placed in the first 32GB address space. The Java Heap base address is the
#     maximum limit for the native heap growth. Please use -XX:HeapBaseMinAddress
#     to set the Java Heap base and to place the Java Heap above 32GB virtual address.
# This output file may be truncated or incomplete.
#
#  Out of Memory Error (memory/allocation.inline.hpp:61), pid=13704, tid=0x000000000000505c
#
# JRE version:  (8.0_401) (build )
# Java VM: Java HotSpot(TM) 64-Bit Server VM (25.401-b10 mixed mode windows-amd64 compressed oops)
# Failed to write core dump. Minidumps are not enabled by default on client versions of Windows
#

---------------  T H R E A D  ---------------

Current thread (0x0000023cfbbf9000):  JavaThread "Unknown thread" [_thread_in_vm, id=20572, stack(0x000000ff51500000,0x000000ff51600000)]

Stack: [0x000000ff51500000,0x000000ff51600000]
Native frames: (J=compiled Java code, j=interpreted, Vv=VM code, C=native code)
V  [jvm.dll+0x3530d9]
V  [jvm.dll+0x290072]
V  [jvm.dll+0x290c3d]
V  [jvm.dll+0x285275]
V  [jvm.dll+0x502d]
V  [jvm.dll+0x3f02f2]
V  [jvm.dll+0x3f1067]
V  [jvm.dll+0x3ece57]
V  [jvm.dll+0x105adf]
V  [jvm.dll+0x21b0eb]
V  [jvm.dll+0x24c04a]
V  [jvm.dll+0x16d5e6]
C  [java.exe+0x2412]
C  [java.exe+0x165e0]
C  [KERNEL32.DLL+0x1257d]
C  [ntdll.dll+0x5aa58]


---------------  P R O C E S S  ---------------

Java Threads: ( => current thread )

Other Threads:

=>0x0000023cfbbf9000 (exited) JavaThread "Unknown thread" [_thread_in_vm, id=20572, stack(0x000000ff51500000,0x000000ff51600000)]

VM state:not at safepoint (normal execution)

VM Mutex/Monitor currently owned by a thread: None

heap address: 0x00000006c3200000, size: 4046 MB, Compressed Oops mode: Zero based, Oop shift amount: 3
Narrow klass base: 0x0000000000000000, Narrow klass shift: 3
Compressed class space size: 1073741824 Address: 0x00000007c0000000

Heap:
 PSYoungGen      total 75776K, used 1300K [0x000000076bb80000, 0x0000000771000000, 0x00000007c0000000)
  eden space 65024K, 2% used [0x000000076bb80000,0x000000076bcc51f8,0x000000076fb00000)
  from space 10752K, 0% used [0x0000000770580000,0x0000000770580000,0x0000000771000000)
  to   space 10752K, 0% used [0x000000076fb00000,0x000000076fb00000,0x0000000770580000)
 ParOldGen       total 173568K, used 0K [0x00000006c3200000, 0x00000006cdb80000, 0x000000076bb80000)
  object space 173568K, 0% used [0x00000006c3200000,0x00000006c3200000,0x00000006cdb80000)
 Metaspace       used 775K, capacity 4480K, committed 4480K, reserved 1056768K
  class space    used 76K, capacity 384K, committed 384K, reserved 1048576K

Card table byte_map: [0x0000023cfda20000,0x0000023cfe210000] byte_map_base: 0x0000023cfa407000

Marking Bits: (ParMarkBitMap*) 0x00007ff913185fc0
 Begin Bits: [0x0000023c8f000000, 0x0000023c92f38000)
 End Bits:   [0x0000023c92f38000, 0x0000023c96e70000)

Polling page: 0x0000023cfbe70000

CodeCache: size=245760Kb used=329Kb max_used=329Kb free=245430Kb
 bounds [0x0000023c80000000, 0x0000023c80270000, 0x0000023c8f000000]
 total_blobs=58 nmethods=0 adapters=38
 compilation: enabled

Compilation events (0 events):
No events

GC Heap History (0 events):
No events

Deoptimization events (0 events):
No events

Classes redefined (0 events):
No events

Internal exceptions (0 events):
No events

Events (10 events):
Event: 0.024 loading class java/lang/Short
Event: 0.024 loading class java/lang/Short done
Event: 0.024 loading class java/lang/Integer
Event: 0.024 loading class java/lang/Integer done
Event: 0.024 loading class java/lang/Long
Event: 0.024 loading class java/lang/Long done
Event: 0.025 loading class java/lang/NullPointerException
Event: 0.025 loading class java/lang/NullPointerException done
Event: 0.025 loading class java/lang/ArithmeticException
Event: 0.025 loading class java/lang/ArithmeticException done


Dynamic libraries:
0x00007ff79f1a0000 - 0x00007ff79f1ea000 	C:\Program Files\Java\jdk-1.8\bin\java.exe
0x00007ff9a7ff0000 - 0x00007ff9a8206000 	C:\WINDOWS\SYSTEM32\ntdll.dll
0x00007ff9a6ae0000 - 0x00007ff9a6ba4000 	C:\WINDOWS\System32\KERNEL32.DLL
0x00007ff9a5330000 - 0x00007ff9a56d6000 	C:\WINDOWS\System32\KERNELBASE.dll
0x00007ff9a7390000 - 0x00007ff9a7442000 	C:\WINDOWS\System32\ADVAPI32.dll
0x00007ff9a6c10000 - 0x00007ff9a6cb7000 	C:\WINDOWS\System32\msvcrt.dll
0x00007ff9a7460000 - 0x00007ff9a7508000 	C:\WINDOWS\System32\sechost.dll
0x00007ff9a5b30000 - 0x00007ff9a5b58000 	C:\WINDOWS\System32\bcrypt.dll
0x00007ff9a6660000 - 0x00007ff9a6775000 	C:\WINDOWS\System32\RPCRT4.dll
0x00007ff9a63e0000 - 0x00007ff9a658d000 	C:\WINDOWS\System32\USER32.dll
0x00007ff9a5910000 - 0x00007ff9a5936000 	C:\WINDOWS\System32\win32u.dll
0x00007ff9a7db0000 - 0x00007ff9a7dd9000 	C:\WINDOWS\System32\GDI32.dll
0x00007ff9a5750000 - 0x00007ff9a5868000 	C:\WINDOWS\System32\gdi32full.dll
0x00007ff9a5870000 - 0x00007ff9a590a000 	C:\WINDOWS\System32\msvcp_win.dll
0x00007ff9a5c20000 - 0x00007ff9a5d31000 	C:\WINDOWS\System32\ucrtbase.dll
0x00007ff99a500000 - 0x00007ff99a793000 	C:\WINDOWS\WinSxS\amd64_microsoft.windows.common-controls_6595b64144ccf1df_6.0.22621.3235_none_270f74e173860f98\COMCTL32.dll
0x00007ff9a6620000 - 0x00007ff9a6651000 	C:\WINDOWS\System32\IMM32.DLL
0x00007ff9987d0000 - 0x00007ff9987eb000 	C:\Program Files\Java\jdk-1.8\jre\bin\vcruntime140.dll
0x00007ff99eaa0000 - 0x00007ff99eaac000 	C:\Program Files\Java\jdk-1.8\jre\bin\vcruntime140_1.dll
0x00007ff92b040000 - 0x00007ff92b0ce000 	C:\Program Files\Java\jdk-1.8\jre\bin\msvcp140.dll
0x00007ff912950000 - 0x00007ff913200000 	C:\Program Files\Java\jdk-1.8\jre\bin\server\jvm.dll
0x00007ff9a7de0000 - 0x00007ff9a7de8000 	C:\WINDOWS\System32\PSAPI.DLL
0x00007ff99e730000 - 0x00007ff99e764000 	C:\WINDOWS\SYSTEM32\WINMM.dll
0x00007ff99cbc0000 - 0x00007ff99cbca000 	C:\WINDOWS\SYSTEM32\VERSION.dll
0x00007ff99e9b0000 - 0x00007ff99e9b9000 	C:\WINDOWS\SYSTEM32\WSOCK32.dll
0x00007ff9a6160000 - 0x00007ff9a61d1000 	C:\WINDOWS\System32\WS2_32.dll
0x00007ff9a4370000 - 0x00007ff9a4388000 	C:\WINDOWS\SYSTEM32\kernel.appcore.dll
0x00007ff99db40000 - 0x00007ff99db50000 	C:\Program Files\Java\jdk-1.8\jre\bin\verify.dll
0x00007ff980800000 - 0x00007ff98082b000 	C:\Program Files\Java\jdk-1.8\jre\bin\java.dll
0x00007ff995c30000 - 0x00007ff995c48000 	C:\Program Files\Java\jdk-1.8\jre\bin\zip.dll
0x00007ff9a2750000 - 0x00007ff9a2983000 	C:\WINDOWS\SYSTEM32\dbghelp.dll
0x00007ff9a5d40000 - 0x00007ff9a60c8000 	C:\WINDOWS\System32\combase.dll
0x00007ff9a6cc0000 - 0x00007ff9a6d97000 	C:\WINDOWS\System32\OLEAUT32.dll
0x00007ff9a5940000 - 0x00007ff9a59ba000 	C:\WINDOWS\System32\bcryptPrimitives.dll

VM Arguments:
java_command: <unknown>
java_class_path (initial): .
Launcher Type: SUN_STANDARD

Environment Variables:
PATH=C:\Program Files\Common Files\Oracle\Java\javapath;C:\Program Files (x86)\Common Files\Oracle\Java\javapath;C:\Windows\System32\HWAudioDriverLibs;C:\Windows\system32;C:\Windows;C:\Windows\System32\Wbem;C:\Windows\System32\WindowsPowerShell\v1.0\;C:\Windows\System32\OpenSSH\;C:\Users\Administrator\AppData\Local\Microsoft\WindowsApps;C:\WINDOWS\system32;C:\WINDOWS;C:\WINDOWS\System32\Wbem;C:\WINDOWS\System32\WindowsPowerShell\v1.0\;C:\WINDOWS\System32\OpenSSH\;C:\Program Files\Git\cmd;C:\Users\Christian Brandon\AppData\Local\Microsoft\WindowsApps;
USERNAME=Christian Brandon
OS=Windows_NT
PROCESSOR_IDENTIFIER=Intel64 Family 6 Model 140 Stepping 1, GenuineIntel



---------------  S Y S T E M  ---------------

OS: Windows 11 , 64 bit Build 22621 (10.0.22621.3235)

CPU:total 8 (initial active 8) (4 cores per cpu, 2 threads per core) family 6 model 140 stepping 1, cmov, cx8, fxsr, mmx, sse, sse2, sse3, ssse3, sse4.1, sse4.2, popcnt, avx, avx2, aes, clmul, erms, 3dnowpref, lzcnt, ht, tsc, tscinvbit, bmi1, bmi2, adx

Memory: 4k page, physical 16571704k(4402244k free), swap 32300340k(5664k free)

vm_info: Java HotSpot(TM) 64-Bit Server VM (25.401-b10) for windows-amd64 JRE (1.8.0_401-b10), built on Dec 19 2023 12:38:48 by "java_re" with MS VC++ 17.1 (VS2022)

time: Sat Mar 23 22:42:01 2024
timezone: China Standard Time
elapsed time: 0.040782 seconds (0d 0h 0m 0s)

